# JRE version: Java(TM) SE Runtime Environment (17.0.7+8) (build 17.0.7+8-LTS-224)
# Java VM: Java HotSpot(TM) 64-Bit Server VM (17.0.7+8-LTS-224, mixed mode, sharing, tiered, compressed oops, compressed class ptrs, g1 gc, windows-amd64)
GC Precious Log:
 CPUs: 3 total, 3 available
 Memory: 10178M
 Large Page Support: Disabled
 NUMA Support: Disabled
 Compressed Oops: Enabled (Zero based)
 Heap Region Size: 2M
 Heap Min Capacity: 8M
 Heap Initial Capacity: 160M
 Heap Max Capacity: 2546M
 Pre-touch: Disabled
 Parallel Workers: 3
 Concurrent Workers: 1
 Concurrent Refinement Workers: 3
 Periodic GC: Disabled
Heap:
 garbage-first heap   total 233472K, used 108489K [0x0000000760e00000, 0x0000000800000000)
  region size 2048K, 26 young (53248K), 2 survivors (4096K)
 Metaspace       used 71241K, committed 71744K, reserved 1114112K
  class space    used 9682K, committed 9920K, reserved 1048576K
GC Heap History (20 events):
Event: 20.826 GC heap before
{Heap before GC invocations=17 (full 0):
 garbage-first heap   total 73728K, used 56332K [0x0000000760e00000, 0x0000000800000000)
  region size 2048K, 17 young (34816K), 3 survivors (6144K)
 Metaspace       used 64902K, committed 65408K, reserved 1105920K
  class space    used 8899K, committed 9152K, reserved 1048576K
}
Event: 20.843 GC heap after
{Heap after GC invocations=18 (full 0):
 garbage-first heap   total 73728K, used 29071K [0x0000000760e00000, 0x0000000800000000)
  region size 2048K, 3 young (6144K), 3 survivors (6144K)
 Metaspace       used 64902K, committed 65408K, reserved 1105920K
  class space    used 8899K, committed 9152K, reserved 1048576K
}
Event: 22.351 GC heap before
{Heap before GC invocations=18 (full 0):
 garbage-first heap   total 73728K, used 55695K [0x0000000760e00000, 0x0000000800000000)
  region size 2048K, 16 young (32768K), 3 survivors (6144K)
 Metaspace       used 67641K, committed 68224K, reserved 1114112K
  class space    used 9238K, committed 9536K, reserved 1048576K
}
Event: 22.371 GC heap after
{Heap after GC invocations=19 (full 0):
 garbage-first heap   total 73728K, used 32797K [0x0000000760e00000, 0x0000000800000000)
  region size 2048K, 2 young (4096K), 2 survivors (4096K)
 Metaspace       used 67641K, committed 68224K, reserved 1114112K
  class space    used 9238K, committed 9536K, reserved 1048576K
}
Event: 23.534 GC heap before
{Heap before GC invocations=19 (full 0):
 garbage-first heap   total 73728K, used 55325K [0x0000000760e00000, 0x0000000800000000)
  region size 2048K, 13 young (26624K), 2 survivors (4096K)
 Metaspace       used 67703K, committed 68288K, reserved 1114112K
  class space    used 9238K, committed 9536K, reserved 1048576K
}
Event: 23.549 GC heap after
{Heap after GC invocations=20 (full 0):
 garbage-first heap   total 73728K, used 36804K [0x0000000760e00000, 0x0000000800000000)
  region size 2048K, 2 young (4096K), 2 survivors (4096K)
 Metaspace       used 67703K, committed 68288K, reserved 1114112K
  class space    used 9238K, committed 9536K, reserved 1048576K
}
Event: 24.655 GC heap before
{Heap before GC invocations=20 (full 0):
 garbage-first heap   total 73728K, used 53188K [0x0000000760e00000, 0x0000000800000000)
  region size 2048K, 11 young (22528K), 2 survivors (4096K)
 Metaspace       used 67894K, committed 68480K, reserved 1114112K
  class space    used 9252K, committed 9536K, reserved 1048576K
}
Event: 24.675 GC heap after
{Heap after GC invocations=21 (full 0):
 garbage-first heap   total 90112K, used 43860K [0x0000000760e00000, 0x0000000800000000)
  region size 2048K, 2 young (4096K), 2 survivors (4096K)
 Metaspace       used 67894K, committed 68480K, reserved 1114112K
  class space    used 9252K, committed 9536K, reserved 1048576K
}
Event: 25.071 GC heap before
{Heap before GC invocations=22 (full 0):
 garbage-first heap   total 90112K, used 62292K [0x0000000760e00000, 0x0000000800000000)
  region size 2048K, 12 young (24576K), 2 survivors (4096K)
 Metaspace       used 67911K, committed 68544K, reserved 1114112K
  class space    used 9252K, committed 9536K, reserved 1048576K
}
Event: 25.092 GC heap after
{Heap after GC invocations=23 (full 0):
 garbage-first heap   total 90112K, used 48493K [0x0000000760e00000, 0x0000000800000000)
  region size 2048K, 2 young (4096K), 2 survivors (4096K)
 Metaspace       used 67911K, committed 68544K, reserved 1114112K
  class space    used 9252K, committed 9536K, reserved 1048576K
}
Event: 25.322 GC heap before
{Heap before GC invocations=23 (full 0):
 garbage-first heap   total 90112K, used 62829K [0x0000000760e00000, 0x0000000800000000)
  region size 2048K, 10 young (20480K), 2 survivors (4096K)
 Metaspace       used 67948K, committed 68544K, reserved 1114112K
  class space    used 9252K, committed 9536K, reserved 1048576K
}
Event: 25.338 GC heap after
{Heap after GC invocations=24 (full 0):
 garbage-first heap   total 90112K, used 54299K [0x0000000760e00000, 0x0000000800000000)
  region size 2048K, 2 young (4096K), 2 survivors (4096K)
 Metaspace       used 67948K, committed 68544K, reserved 1114112K
  class space    used 9252K, committed 9536K, reserved 1048576K
}
Event: 25.538 GC heap before
{Heap before GC invocations=24 (full 0):
 garbage-first heap   total 112640K, used 66587K [0x0000000760e00000, 0x0000000800000000)
  region size 2048K, 8 young (16384K), 2 survivors (4096K)
 Metaspace       used 67949K, committed 68544K, reserved 1114112K
  class space    used 9252K, committed 9536K, reserved 1048576K
}
Event: 25.550 GC heap after
{Heap after GC invocations=25 (full 0):
 garbage-first heap   total 112640K, used 57350K [0x0000000760e00000, 0x0000000800000000)
  region size 2048K, 1 young (2048K), 1 survivors (2048K)
 Metaspace       used 67949K, committed 68544K, reserved 1114112K
  class space    used 9252K, committed 9536K, reserved 1048576K
}
Event: 25.874 GC heap before
{Heap before GC invocations=26 (full 0):
 garbage-first heap   total 112640K, used 81926K [0x0000000760e00000, 0x0000000800000000)
  region size 2048K, 13 young (26624K), 1 survivors (2048K)
 Metaspace       used 67977K, committed 68608K, reserved 1114112K
  class space    used 9252K, committed 9536K, reserved 1048576K
}
Event: 25.892 GC heap after
{Heap after GC invocations=27 (full 0):
 garbage-first heap   total 112640K, used 64117K [0x0000000760e00000, 0x0000000800000000)
  region size 2048K, 2 young (4096K), 2 survivors (4096K)
 Metaspace       used 67977K, committed 68608K, reserved 1114112K
  class space    used 9252K, committed 9536K, reserved 1048576K
}
Event: 25.914 GC heap before
{Heap before GC invocations=27 (full 0):
 garbage-first heap   total 112640K, used 66165K [0x0000000760e00000, 0x0000000800000000)
  region size 2048K, 3 young (6144K), 2 survivors (4096K)
 Metaspace       used 67977K, committed 68608K, reserved 1114112K
  class space    used 9252K, committed 9536K, reserved 1048576K
}
Event: 25.927 GC heap after
{Heap after GC invocations=28 (full 0):
 garbage-first heap   total 112640K, used 56369K [0x0000000760e00000, 0x0000000800000000)
  region size 2048K, 1 young (2048K), 1 survivors (2048K)
 Metaspace       used 67977K, committed 68608K, reserved 1114112K
  class space    used 9252K, committed 9536K, reserved 1048576K
}
Event: 26.243 GC heap before
{Heap before GC invocations=28 (full 0):
 garbage-first heap   total 112640K, used 80945K [0x0000000760e00000, 0x0000000800000000)
  region size 2048K, 14 young (28672K), 1 survivors (2048K)
 Metaspace       used 68040K, committed 68608K, reserved 1114112K
  class space    used 9259K, committed 9536K, reserved 1048576K
}
Event: 26.256 GC heap after
{Heap after GC invocations=29 (full 0):
 garbage-first heap   total 243712K, used 61385K [0x0000000760e00000, 0x0000000800000000)
  region size 2048K, 2 young (4096K), 2 survivors (4096K)
 Metaspace       used 68040K, committed 68608K, reserved 1114112K
  class space    used 9259K, committed 9536K, reserved 1048576K
}

